[Part no.];[Program name];[Part ID];[Timestamp];[Result];[Max. position];[Max. force];[NOK source]
35;GB_D3_v1_05;320;2019-11-07-09:57:19;TRUE;44.99;4061.786;0
[MAC Address];[Serial number]
00:0E:F0:54:08:A6;
[Curves]
No:;4
[Curve 1]
[Max. position];[Max. force];[Min. position];[Min. force];[Start position];[Curve Time];[NOK source]
36.56;31.31792;35.99;-2.713454;35.99;T#0ms;0
[Window 1]
[Intersection];[Up side position];[Up side force];[Down side position];[Down side force];[Left side position];[Left side force];[Right side position];[Right side force];[Min. position];[Max. position];[Min. force];[Max. force]
0;0.0;0.0;0.0;0.0;0.0;0.0;0.0;0.0;0.0;0.0;0.0;0.0
[Window 2]
[Intersection];[Up side position];[Up side force];[Down side position];[Down side force];[Left side position];[Left side force];[Right side position];[Right side force];[Min. position];[Max. position];[Min. force];[Max. force]
0;0.0;0.0;0.0;0.0;0.0;0.0;0.0;0.0;0.0;0.0;0.0;0.0
[Window 3]
[Intersection];[Up side position];[Up side force];[Down side position];[Down side force];[Left side position];[Left side force];[Right side position];[Right side force];[Min. position];[Max. position];[Min. force];[Max. force]
0;0.0;0.0;0.0;0.0;0.0;0.0;0.0;0.0;0.0;0.0;0.0;0.0
[Window 4]
[Intersection];[Up side position];[Up side force];[Down side position];[Down side force];[Left side position];[Left side force];[Right side position];[Right side force];[Min. position];[Max. position];[Min. force];[Max. force]
0;0.0;0.0;0.0;0.0;0.0;0.0;0.0;0.0;0.0;0.0;0.0;0.0
[Window 5]
[Intersection];[Up side position];[Up side force];[Down side position];[Down side force];[Left side position];[Left side force];[Right side position];[Right side force];[Min. position];[Max. position];[Min. force];[Max. force]
0;0.0;0.0;0.0;0.0;0.0;0.0;0.0;0.0;0.0;0.0;0.0;0.0
[Threshold 1]
[Intersection];[Position];[Force]
0;0.0;0.0
[Threshold 2]
[Intersection];[Position];[Force]
0;0.0;0.0
[Threshold 3]
[Intersection];[Position];[Force]
0;0.0;0.0
[Threshold 4]
[Intersection];[Position];[Force]
0;0.0;0.0
[Threshold 5]
[Intersection];[Position];[Force]
0;0.0;0.0
[Envelope 1]
[Intersection];[Up side position];[Up side force];[Down side position];[Down side force]
0;0.0;0.0;0.0;0.0
[Envelope 2]
[Intersection];[Up side position];[Up side force];[Down side position];[Down side force]
0;0.0;0.0;0.0;0.0
[Envelope 3]
[Intersection];[Up side position];[Up side force];[Down side position];[Down side force]
0;0.0;0.0;0.0;0.0
[Envelope 4]
[Intersection];[Up side position];[Up side force];[Down side position];[Down side force]
0;0.0;0.0;0.0;0.0
[Envelope 5]
[Intersection];[Up side position];[Up side force];[Down side position];[Down side force]
0;0.0;0.0;0.0;0.0
[Curve 2]
[Max. position];[Max. force];[Min. position];[Min. force];[Start position];[Curve Time];[NOK source]
37.61;256.4162;36.5;11.460049;36.5;T#0ms;0
[Window 1]
[Intersection];[Up side position];[Up side force];[Down side position];[Down side force];[Left side position];[Left side force];[Right side position];[Right side force];[Min. position];[Max. position];[Min. force];[Max. force]
0;0.0;0.0;0.0;0.0;0.0;0.0;0.0;0.0;0.0;0.0;0.0;0.0
[Window 2]
[Intersection];[Up side position];[Up side force];[Down side position];[Down side force];[Left side position];[Left side force];[Right side position];[Right side force];[Min. position];[Max. position];[Min. force];[Max. force]
0;0.0;0.0;0.0;0.0;0.0;0.0;0.0;0.0;0.0;0.0;0.0;0.0
[Window 3]
[Intersection];[Up side position];[Up side force];[Down side position];[Down side force];[Left side position];[Left side force];[Right side position];[Right side force];[Min. position];[Max. position];[Min. force];[Max. force]
0;0.0;0.0;0.0;0.0;0.0;0.0;0.0;0.0;0.0;0.0;0.0;0.0
[Window 4]
[Intersection];[Up side position];[Up side force];[Down side position];[Down side force];[Left side position];[Left side force];[Right side position];[Right side force];[Min. position];[Max. position];[Min. force];[Max. force]
0;0.0;0.0;0.0;0.0;0.0;0.0;0.0;0.0;0.0;0.0;0.0;0.0
[Window 5]
[Intersection];[Up side position];[Up side force];[Down side position];[Down side force];[Left side position];[Left side force];[Right side position];[Right side force];[Min. position];[Max. position];[Min. force];[Max. force]
0;0.0;0.0;0.0;0.0;0.0;0.0;0.0;0.0;0.0;0.0;0.0;0.0
[Threshold 1]
[Intersection];[Position];[Force]
0;0.0;0.0
[Threshold 2]
[Intersection];[Position];[Force]
0;0.0;0.0
[Threshold 3]
[Intersection];[Position];[Force]
0;0.0;0.0
[Threshold 4]
[Intersection];[Position];[Force]
0;0.0;0.0
[Threshold 5]
[Intersection];[Position];[Force]
0;0.0;0.0
[Envelope 1]
[Intersection];[Up side position];[Up side force];[Down side position];[Down side force]
0;0.0;0.0;0.0;0.0
[Envelope 2]
[Intersection];[Up side position];[Up side force];[Down side position];[Down side force]
0;0.0;0.0;0.0;0.0
[Envelope 3]
[Intersection];[Up side position];[Up side force];[Down side position];[Down side force]
0;0.0;0.0;0.0;0.0
[Envelope 4]
[Intersection];[Up side position];[Up side force];[Down side position];[Down side force]
0;0.0;0.0;0.0;0.0
[Envelope 5]
[Intersection];[Up side position];[Up side force];[Down side position];[Down side force]
0;0.0;0.0;0.0;0.0
[Curve 3]
[Max. position];[Max. force];[Min. position];[Min. force];[Start position];[Curve Time];[NOK source]
43.0;1243.492;37.61;229.2352;37.61;T#0ms;0
[Window 1]
[Intersection];[Up side position];[Up side force];[Down side position];[Down side force];[Left side position];[Left side force];[Right side position];[Right side force];[Min. position];[Max. position];[Min. force];[Max. force]
0;0.0;0.0;0.0;0.0;0.0;0.0;0.0;0.0;0.0;0.0;0.0;0.0
[Window 2]
[Intersection];[Up side position];[Up side force];[Down side position];[Down side force];[Left side position];[Left side force];[Right side position];[Right side force];[Min. position];[Max. position];[Min. force];[Max. force]
0;0.0;0.0;0.0;0.0;0.0;0.0;0.0;0.0;0.0;0.0;0.0;0.0
[Window 3]
[Intersection];[Up side position];[Up side force];[Down side position];[Down side force];[Left side position];[Left side force];[Right side position];[Right side force];[Min. position];[Max. position];[Min. force];[Max. force]
0;0.0;0.0;0.0;0.0;0.0;0.0;0.0;0.0;0.0;0.0;0.0;0.0
[Window 4]
[Intersection];[Up side position];[Up side force];[Down side position];[Down side force];[Left side position];[Left side force];[Right side position];[Right side force];[Min. position];[Max. position];[Min. force];[Max. force]
0;0.0;0.0;0.0;0.0;0.0;0.0;0.0;0.0;0.0;0.0;0.0;0.0
[Window 5]
[Intersection];[Up side position];[Up side force];[Down side position];[Down side force];[Left side position];[Left side force];[Right side position];[Right side force];[Min. position];[Max. position];[Min. force];[Max. force]
0;0.0;0.0;0.0;0.0;0.0;0.0;0.0;0.0;0.0;0.0;0.0;0.0
[Threshold 1]
[Intersection];[Position];[Force]
0;0.0;0.0
[Threshold 2]
[Intersection];[Position];[Force]
0;0.0;0.0
[Threshold 3]
[Intersection];[Position];[Force]
0;0.0;0.0
[Threshold 4]
[Intersection];[Position];[Force]
0;0.0;0.0
[Threshold 5]
[Intersection];[Position];[Force]
0;0.0;0.0
[Envelope 1]
[Intersection];[Up side position];[Up side force];[Down side position];[Down side force]
0;0.0;0.0;0.0;0.0
[Envelope 2]
[Intersection];[Up side position];[Up side force];[Down side position];[Down side force]
0;0.0;0.0;0.0;0.0
[Envelope 3]
[Intersection];[Up side position];[Up side force];[Down side position];[Down side force]
0;0.0;0.0;0.0;0.0
[Envelope 4]
[Intersection];[Up side position];[Up side force];[Down side position];[Down side force]
0;0.0;0.0;0.0;0.0
[Envelope 5]
[Intersection];[Up side position];[Up side force];[Down side position];[Down side force]
0;0.0;0.0;0.0;0.0
[Curve 4]
[Max. position];[Max. force];[Min. position];[Min. force];[Start position];[Curve Time];[NOK source]
44.98;3942.578;43.0;1126.496;43.0;T#0ms;0
[Window 1]
[Intersection];[Up side position];[Up side force];[Down side position];[Down side force];[Left side position];[Left side force];[Right side position];[Right side force];[Min. position];[Max. position];[Min. force];[Max. force]
0;0.0;0.0;0.0;0.0;0.0;0.0;0.0;0.0;0.0;0.0;0.0;0.0
[Window 2]
[Intersection];[Up side position];[Up side force];[Down side position];[Down side force];[Left side position];[Left side force];[Right side position];[Right side force];[Min. position];[Max. position];[Min. force];[Max. force]
0;0.0;0.0;0.0;0.0;0.0;0.0;0.0;0.0;0.0;0.0;0.0;0.0
[Window 3]
[Intersection];[Up side position];[Up side force];[Down side position];[Down side force];[Left side position];[Left side force];[Right side position];[Right side force];[Min. position];[Max. position];[Min. force];[Max. force]
0;0.0;0.0;0.0;0.0;0.0;0.0;0.0;0.0;0.0;0.0;0.0;0.0
[Window 4]
[Intersection];[Up side position];[Up side force];[Down side position];[Down side force];[Left side position];[Left side force];[Right side position];[Right side force];[Min. position];[Max. position];[Min. force];[Max. force]
0;0.0;0.0;0.0;0.0;0.0;0.0;0.0;0.0;0.0;0.0;0.0;0.0
[Window 5]
[Intersection];[Up side position];[Up side force];[Down side position];[Down side force];[Left side position];[Left side force];[Right side position];[Right side force];[Min. position];[Max. position];[Min. force];[Max. force]
0;0.0;0.0;0.0;0.0;0.0;0.0;0.0;0.0;0.0;0.0;0.0;0.0
[Threshold 1]
[Intersection];[Position];[Force]
1;44.9;2819.75
[Threshold 2]
[Intersection];[Position];[Force]
0;0.0;0.0
[Threshold 3]
[Intersection];[Position];[Force]
0;0.0;0.0
[Threshold 4]
[Intersection];[Position];[Force]
0;0.0;0.0
[Threshold 5]
[Intersection];[Position];[Force]
0;0.0;0.0
[Envelope 1]
[Intersection];[Up side position];[Up side force];[Down side position];[Down side force]
0;0.0;0.0;0.0;0.0
[Envelope 2]
[Intersection];[Up side position];[Up side force];[Down side position];[Down side force]
0;0.0;0.0;0.0;0.0
[Envelope 3]
[Intersection];[Up side position];[Up side force];[Down side position];[Down side force]
0;0.0;0.0;0.0;0.0
[Envelope 4]
[Intersection];[Up side position];[Up side force];[Down side position];[Down side force]
0;0.0;0.0;0.0;0.0
[Envelope 5]
[Intersection];[Up side position];[Up side force];[Down side position];[Down side force]
0;0.0;0.0;0.0;0.0
[Curve 5]
[Max. position];[Max. force];[Min. position];[Min. force];[Start position];[Curve Time];[NOK source]
0.0;0.0;0.0;0.0;0.0;T#0ms;0
[Window 1]
[Intersection];[Up side position];[Up side force];[Down side position];[Down side force];[Left side position];[Left side force];[Right side position];[Right side force];[Min. position];[Max. position];[Min. force];[Max. force]
0;0.0;0.0;0.0;0.0;0.0;0.0;0.0;0.0;0.0;0.0;0.0;0.0
[Window 2]
[Intersection];[Up side position];[Up side force];[Down side position];[Down side force];[Left side position];[Left side force];[Right side position];[Right side force];[Min. position];[Max. position];[Min. force];[Max. force]
0;0.0;0.0;0.0;0.0;0.0;0.0;0.0;0.0;0.0;0.0;0.0;0.0
[Window 3]
[Intersection];[Up side position];[Up side force];[Down side position];[Down side force];[Left side position];[Left side force];[Right side position];[Right side force];[Min. position];[Max. position];[Min. force];[Max. force]
0;0.0;0.0;0.0;0.0;0.0;0.0;0.0;0.0;0.0;0.0;0.0;0.0
[Window 4]
[Intersection];[Up side position];[Up side force];[Down side position];[Down side force];[Left side position];[Left side force];[Right side position];[Right side force];[Min. position];[Max. position];[Min. force];[Max. force]
0;0.0;0.0;0.0;0.0;0.0;0.0;0.0;0.0;0.0;0.0;0.0;0.0
[Window 5]
[Intersection];[Up side position];[Up side force];[Down side position];[Down side force];[Left side position];[Left side force];[Right side position];[Right side force];[Min. position];[Max. position];[Min. force];[Max. force]
0;0.0;0.0;0.0;0.0;0.0;0.0;0.0;0.0;0.0;0.0;0.0;0.0
[Threshold 1]
[Intersection];[Position];[Force]
0;0.0;0.0
[Threshold 2]
[Intersection];[Position];[Force]
0;0.0;0.0
[Threshold 3]
[Intersection];[Position];[Force]
0;0.0;0.0
[Threshold 4]
[Intersection];[Position];[Force]
0;0.0;0.0
[Threshold 5]
[Intersection];[Position];[Force]
0;0.0;0.0
[Envelope 1]
[Intersection];[Up side position];[Up side force];[Down side position];[Down side force]
0;0.0;0.0;0.0;0.0
[Envelope 2]
[Intersection];[Up side position];[Up side force];[Down side position];[Down side force]
0;0.0;0.0;0.0;0.0
[Envelope 3]
[Intersection];[Up side position];[Up side force];[Down side position];[Down side force]
0;0.0;0.0;0.0;0.0
[Envelope 4]
[Intersection];[Up side position];[Up side force];[Down side position];[Down side force]
0;0.0;0.0;0.0;0.0
[Envelope 5]
[Intersection];[Up side position];[Up side force];[Down side position];[Down side force]
0;0.0;0.0;0.0;0.0
[Variables];[No.];[Value]
1;0.0
2;0.0
3;0.0
4;0.0
5;0.0
6;0.0
7;0.0
8;0.0
9;0.0
10;0.0
11;0.0
12;0.0
13;0.0
14;0.0
15;0.0
16;0.0
17;0.0
18;0.0
19;0.0
20;0.0
21;0.0
22;0.0
23;0.0
24;0.0
25;0.0
26;0.0
27;0.0
28;0.0
29;0.0
30;0.0
31;0.0
32;0.0
33;0.0
34;0.0
35;0.0
36;0.0
37;0.0
38;0.0
39;0.0
40;0.0
41;0.0
42;0.0
43;0.0
44;0.0
45;0.0
46;0.0
47;0.0
48;0.0
49;0.0
50;0.0
51;0.0
52;0.0
53;0.0
54;0.0
55;0.0
56;0.0
57;0.0
58;0.0
59;0.0
60;0.0
61;0.0
62;0.0
63;0.0
64;0.0
65;0.0
66;0.0
67;0.0
68;0.0
69;0.0
70;0.0
71;0.0
72;0.0
73;0.0
74;0.0
75;0.0
76;0.0
77;0.0
78;0.0
79;0.0
80;0.0
81;0.0
82;0.0
83;0.0
84;0.0
85;0.0
86;0.0
87;0.0
88;0.0
89;0.0
90;0.0
91;0.0
92;0.0
93;0.0
94;0.0
95;0.0
96;0.0
97;0.0
98;0.0
99;0.0
100;0.0
[Sequencer]
Steps:;9
[Activate error reaction];TRUE;[Safe target position];0.0;[Safe velocity];20.0
[No.];[Function];[Step name];[Input 1];[Input 2];[Input 3];[Input 4];[Input 5];[Input 6];[Input 7];[Input 8];[Input 9];[Input 10];[Input 11];[Input 12];[Input 13];[Input 14];[Input 15];[Input 16];[Input 17];[Input 18];[Input 19];[Input 20];[Input 21];[Input 22];[Input 23];[Input 24];[Input 25];[Input 26];[Input 27];[Input 28];[Input 29];[Input 30];[Input 31]
1;5;TARE;TRUE;FALSE;0.0;1
2;1;POSITION_MODE;FALSE;FALSE;FALSE;36.0;1;FALSE;0.0;1;FALSE;250.0;1;FALSE;30.0;1
3;1;POSITION_MODE;TRUE;FALSE;FALSE;36.5;1;FALSE;0.0;1;FALSE;250.0;1;FALSE;20.0;1
4;2;FORCE_MODE;TRUE;FALSE;FALSE;100.0;1;FALSE;47.0;1;FALSE;0.0;1;FALSE;5.0;1
5;1;POSITION_MODE;TRUE;FALSE;FALSE;43.0;1;FALSE;0.0;1;FALSE;3500.0;1;FALSE;2.0;1
6;4;DELAY_TIME;FALSE;200;1
7;2;FORCE_MODE;TRUE;FALSE;FALSE;4000.0;1;FALSE;46.5;1;FALSE;0.0;1;FALSE;0.25;1
8;4;DELAY_TIME;FALSE;200;1
9;1;HOME;FALSE;FALSE;FALSE;0.0;1;FALSE;0.0;1;FALSE;5000.0;1;FALSE;20.0;1
[Recipes]
No:;4
[Windowing]
Active:;FALSE
[Window 1]
Active:;FALSE
[Config.];[Config. min. position];[Min. position value];[Min. position variable];[Config. max. position];[Max. position value];[Max. position variable];[Config. min.force];[Min. force value];[Min. force variable];[Config. max. force];[Max. force value];[Max. force variable]
FALSE;FALSE;0.0;1;FALSE;0.0;1;FALSE;0.0;1;FALSE;0.0;1
[Config. down side];[Config. up side];[Config. left side];[Config. right side]
0;0;0;0
[Window 2]
Active:;FALSE
[Config.];[Config. min. position];[Min. position value];[Min. position variable];[Config. max. position];[Max. position value];[Max. position variable];[Config. min.force];[Min. force value];[Min. force variable];[Config. max. force];[Max. force value];[Max. force variable]
FALSE;FALSE;0.0;1;FALSE;0.0;1;FALSE;0.0;1;FALSE;0.0;1
[Config. down side];[Config. up side];[Config. left side];[Config. right side]
0;0;0;0
[Window 3]
Active:;FALSE
[Config.];[Config. min. position];[Min. position value];[Min. position variable];[Config. max. position];[Max. position value];[Max. position variable];[Config. min.force];[Min. force value];[Min. force variable];[Config. max. force];[Max. force value];[Max. force variable]
FALSE;FALSE;0.0;1;FALSE;0.0;1;FALSE;0.0;1;FALSE;0.0;1
[Config. down side];[Config. up side];[Config. left side];[Config. right side]
0;0;0;0
[Window 4]
Active:;FALSE
[Config.];[Config. min. position];[Min. position value];[Min. position variable];[Config. max. position];[Max. position value];[Max. position variable];[Config. min.force];[Min. force value];[Min. force variable];[Config. max. force];[Max. force value];[Max. force variable]
FALSE;FALSE;0.0;1;FALSE;0.0;1;FALSE;0.0;1;FALSE;0.0;1
[Config. down side];[Config. up side];[Config. left side];[Config. right side]
0;0;0;0
[Window 5]
Active:;FALSE
[Config.];[Config. min. position];[Min. position value];[Min. position variable];[Config. max. position];[Max. position value];[Max. position variable];[Config. min.force];[Min. force value];[Min. force variable];[Config. max. force];[Max. force value];[Max. force variable]
FALSE;FALSE;0.0;1;FALSE;0.0;1;FALSE;0.0;1;FALSE;0.0;1
[Config. down side];[Config. up side];[Config. left side];[Config. right side]
0;0;0;0
[Threshold]
Active:;FALSE
[Threshold 1]
Active:;FALSE
[Config.];[Mode];[Config. position];[Position value];[Position variable];[Config. min. position];[Min. position value];[Min. position variable];[Config. max. position];[Max. position value];[Max. position variable];[Config. force];[Force value];[Force variable];[Config. min. force];[Min. force value];[Min. force variable];[Config. max. force];[Max. force value];[Max. force variable];[Config]
FALSE;FALSE;FALSE;0.0;1;FALSE;0.0;1;FALSE;0.0;1;FALSE;0.0;1;FALSE;0.0;1;FALSE;0.0;1;3
[Threshold 2]
Active:;FALSE
[Config.];[Mode];[Config. position];[Position value];[Position variable];[Config. min. position];[Min. position value];[Min. position variable];[Config. max. position];[Max. position value];[Max. position variable];[Config. force];[Force value];[Force variable];[Config. min. force];[Min. force value];[Min. force variable];[Config. max. force];[Max. force value];[Max. force variable];[Config]
FALSE;FALSE;FALSE;0.0;1;FALSE;0.0;1;FALSE;0.0;1;FALSE;0.0;1;FALSE;0.0;1;FALSE;0.0;1;1
[Threshold 3]
Active:;FALSE
[Config.];[Mode];[Config. position];[Position value];[Position variable];[Config. min. position];[Min. position value];[Min. position variable];[Config. max. position];[Max. position value];[Max. position variable];[Config. force];[Force value];[Force variable];[Config. min. force];[Min. force value];[Min. force variable];[Config. max. force];[Max. force value];[Max. force variable];[Config]
FALSE;FALSE;FALSE;0.0;1;FALSE;0.0;1;FALSE;0.0;1;FALSE;0.0;1;FALSE;0.0;1;FALSE;0.0;1;1
[Threshold 4]
Active:;FALSE
[Config.];[Mode];[Config. position];[Position value];[Position variable];[Config. min. position];[Min. position value];[Min. position variable];[Config. max. position];[Max. position value];[Max. position variable];[Config. force];[Force value];[Force variable];[Config. min. force];[Min. force value];[Min. force variable];[Config. max. force];[Max. force value];[Max. force variable];[Config]
FALSE;FALSE;FALSE;0.0;1;FALSE;0.0;1;FALSE;0.0;1;FALSE;0.0;1;FALSE;0.0;1;FALSE;0.0;1;1
[Threshold 5]
Active:;FALSE
[Config.];[Mode];[Config. position];[Position value];[Position variable];[Config. min. position];[Min. position value];[Min. position variable];[Config. max. position];[Max. position value];[Max. position variable];[Config. force];[Force value];[Force variable];[Config. min. force];[Min. force value];[Min. force variable];[Config. max. force];[Max. force value];[Max. force variable];[Config]
FALSE;FALSE;FALSE;0.0;1;FALSE;0.0;1;FALSE;0.0;1;FALSE;0.0;1;FALSE;0.0;1;FALSE;0.0;1;1
[Envelope]
Active:;FALSE
[Envelope 1]
Active:;FALSE
[Config.];FALSE
Points up side:;2
1;FALSE;0.0;1;FALSE;0.0;1
2;FALSE;0.0;1;FALSE;0.0;1
3;FALSE;0.0;1;FALSE;0.0;1
4;FALSE;0.0;1;FALSE;0.0;1
5;FALSE;0.0;1;FALSE;0.0;1
Points down side:;2
1;FALSE;0.0;1;FALSE;0.0;1
2;FALSE;0.0;1;FALSE;0.0;1
3;FALSE;0.0;1;FALSE;0.0;1
4;FALSE;0.0;1;FALSE;0.0;1
5;FALSE;0.0;1;FALSE;0.0;1
[Envelope 2]
Active:;FALSE
[Config.];FALSE
Points up side:;2
1;FALSE;0.0;1;FALSE;0.0;1
2;FALSE;0.0;1;FALSE;0.0;1
3;FALSE;0.0;1;FALSE;0.0;1
4;FALSE;0.0;1;FALSE;0.0;1
5;FALSE;0.0;1;FALSE;0.0;1
Points down side:;2
1;FALSE;0.0;1;FALSE;0.0;1
2;FALSE;0.0;1;FALSE;0.0;1
3;FALSE;0.0;1;FALSE;0.0;1
4;FALSE;0.0;1;FALSE;0.0;1
5;FALSE;0.0;1;FALSE;0.0;1
[Envelope 3]
Active:;FALSE
[Config.];FALSE
Points up side:;2
1;FALSE;0.0;1;FALSE;0.0;1
2;FALSE;0.0;1;FALSE;0.0;1
3;FALSE;0.0;1;FALSE;0.0;1
4;FALSE;0.0;1;FALSE;0.0;1
5;FALSE;0.0;1;FALSE;0.0;1
Points down side:;2
1;FALSE;0.0;1;FALSE;0.0;1
2;FALSE;0.0;1;FALSE;0.0;1
3;FALSE;0.0;1;FALSE;0.0;1
4;FALSE;0.0;1;FALSE;0.0;1
5;FALSE;0.0;1;FALSE;0.0;1
[Envelope 4]
Active:;FALSE
[Config.];FALSE
Points up side:;2
1;FALSE;0.0;1;FALSE;0.0;1
2;FALSE;0.0;1;FALSE;0.0;1
3;FALSE;0.0;1;FALSE;0.0;1
4;FALSE;0.0;1;FALSE;0.0;1
5;FALSE;0.0;1;FALSE;0.0;1
Points down side:;2
1;FALSE;0.0;1;FALSE;0.0;1
2;FALSE;0.0;1;FALSE;0.0;1
3;FALSE;0.0;1;FALSE;0.0;1
4;FALSE;0.0;1;FALSE;0.0;1
5;FALSE;0.0;1;FALSE;0.0;1
[Envelope 5]
Active:;FALSE
[Config.];FALSE
Points up side:;2
1;FALSE;0.0;1;FALSE;0.0;1
2;FALSE;0.0;1;FALSE;0.0;1
3;FALSE;0.0;1;FALSE;0.0;1
4;FALSE;0.0;1;FALSE;0.0;1
5;FALSE;0.0;1;FALSE;0.0;1
Points down side:;2
1;FALSE;0.0;1;FALSE;0.0;1
2;FALSE;0.0;1;FALSE;0.0;1
3;FALSE;0.0;1;FALSE;0.0;1
4;FALSE;0.0;1;FALSE;0.0;1
5;FALSE;0.0;1;FALSE;0.0;1
[Windowing]
Active:;FALSE
[Window 1]
Active:;FALSE
[Config.];[Config. min. position];[Min. position value];[Min. position variable];[Config. max. position];[Max. position value];[Max. position variable];[Config. min.force];[Min. force value];[Min. force variable];[Config. max. force];[Max. force value];[Max. force variable]
FALSE;FALSE;44.85;1;FALSE;45.2;1;FALSE;0.0;1;FALSE;4000.0;1
[Config. down side];[Config. up side];[Config. left side];[Config. right side]
0;0;2;0
[Window 2]
Active:;FALSE
[Config.];[Config. min. position];[Min. position value];[Min. position variable];[Config. max. position];[Max. position value];[Max. position variable];[Config. min.force];[Min. force value];[Min. force variable];[Config. max. force];[Max. force value];[Max. force variable]
FALSE;FALSE;0.0;1;FALSE;0.0;1;FALSE;0.0;1;FALSE;0.0;1
[Config. down side];[Config. up side];[Config. left side];[Config. right side]
0;0;0;0
[Window 3]
Active:;FALSE
[Config.];[Config. min. position];[Min. position value];[Min. position variable];[Config. max. position];[Max. position value];[Max. position variable];[Config. min.force];[Min. force value];[Min. force variable];[Config. max. force];[Max. force value];[Max. force variable]
FALSE;FALSE;0.0;1;FALSE;0.0;1;FALSE;0.0;1;FALSE;0.0;1
[Config. down side];[Config. up side];[Config. left side];[Config. right side]
0;0;0;0
[Window 4]
Active:;FALSE
[Config.];[Config. min. position];[Min. position value];[Min. position variable];[Config. max. position];[Max. position value];[Max. position variable];[Config. min.force];[Min. force value];[Min. force variable];[Config. max. force];[Max. force value];[Max. force variable]
FALSE;FALSE;0.0;1;FALSE;0.0;1;FALSE;0.0;1;FALSE;0.0;1
[Config. down side];[Config. up side];[Config. left side];[Config. right side]
0;0;0;0
[Window 5]
Active:;FALSE
[Config.];[Config. min. position];[Min. position value];[Min. position variable];[Config. max. position];[Max. position value];[Max. position variable];[Config. min.force];[Min. force value];[Min. force variable];[Config. max. force];[Max. force value];[Max. force variable]
FALSE;FALSE;0.0;1;FALSE;0.0;1;FALSE;0.0;1;FALSE;0.0;1
[Config. down side];[Config. up side];[Config. left side];[Config. right side]
0;0;0;0
[Threshold]
Active:;FALSE
[Threshold 1]
Active:;TRUE
[Config.];[Mode];[Config. position];[Position value];[Position variable];[Config. min. position];[Min. position value];[Min. position variable];[Config. max. position];[Max. position value];[Max. position variable];[Config. force];[Force value];[Force variable];[Config. min. force];[Min. force value];[Min. force variable];[Config. max. force];[Max. force value];[Max. force variable];[Config]
FALSE;FALSE;FALSE;44.83;1;FALSE;0.0;1;FALSE;0.0;1;FALSE;0.0;1;FALSE;0.0;1;FALSE;4000.0;1;3
[Threshold 2]
Active:;FALSE
[Config.];[Mode];[Config. position];[Position value];[Position variable];[Config. min. position];[Min. position value];[Min. position variable];[Config. max. position];[Max. position value];[Max. position variable];[Config. force];[Force value];[Force variable];[Config. min. force];[Min. force value];[Min. force variable];[Config. max. force];[Max. force value];[Max. force variable];[Config]
FALSE;FALSE;FALSE;0.0;1;FALSE;0.0;1;FALSE;0.0;1;FALSE;0.0;1;FALSE;0.0;1;FALSE;0.0;1;3
[Threshold 3]
Active:;FALSE
[Config.];[Mode];[Config. position];[Position value];[Position variable];[Config. min. position];[Min. position value];[Min. position variable];[Config. max. position];[Max. position value];[Max. position variable];[Config. force];[Force value];[Force variable];[Config. min. force];[Min. force value];[Min. force variable];[Config. max. force];[Max. force value];[Max. force variable];[Config]
FALSE;FALSE;FALSE;0.0;1;FALSE;0.0;1;FALSE;0.0;1;FALSE;0.0;1;FALSE;0.0;1;FALSE;0.0;1;3
[Threshold 4]
Active:;FALSE
[Config.];[Mode];[Config. position];[Position value];[Position variable];[Config. min. position];[Min. position value];[Min. position variable];[Config. max. position];[Max. position value];[Max. position variable];[Config. force];[Force value];[Force variable];[Config. min. force];[Min. force value];[Min. force variable];[Config. max. force];[Max. force value];[Max. force variable];[Config]
FALSE;FALSE;FALSE;0.0;1;FALSE;0.0;1;FALSE;0.0;1;FALSE;0.0;1;FALSE;0.0;1;FALSE;0.0;1;3
[Threshold 5]
Active:;FALSE
[Config.];[Mode];[Config. position];[Position value];[Position variable];[Config. min. position];[Min. position value];[Min. position variable];[Config. max. position];[Max. position value];[Max. position variable];[Config. force];[Force value];[Force variable];[Config. min. force];[Min. force value];[Min. force variable];[Config. max. force];[Max. force value];[Max. force variable];[Config]
FALSE;FALSE;FALSE;0.0;1;FALSE;0.0;1;FALSE;0.0;1;FALSE;0.0;1;FALSE;0.0;1;FALSE;0.0;1;1
[Envelope]
Active:;FALSE
[Envelope 1]
Active:;FALSE
[Config.];FALSE
Points up side:;2
1;FALSE;0.0;1;FALSE;0.0;1
2;FALSE;0.0;1;FALSE;0.0;1
3;FALSE;0.0;1;FALSE;0.0;1
4;FALSE;0.0;1;FALSE;0.0;1
5;FALSE;0.0;1;FALSE;0.0;1
Points down side:;2
1;FALSE;0.0;1;FALSE;0.0;1
2;FALSE;0.0;1;FALSE;0.0;1
3;FALSE;0.0;1;FALSE;0.0;1
4;FALSE;0.0;1;FALSE;0.0;1
5;FALSE;0.0;1;FALSE;0.0;1
[Envelope 2]
Active:;FALSE
[Config.];FALSE
Points up side:;2
1;FALSE;0.0;1;FALSE;0.0;1
2;FALSE;0.0;1;FALSE;0.0;1
3;FALSE;0.0;1;FALSE;0.0;1
4;FALSE;0.0;1;FALSE;0.0;1
5;FALSE;0.0;1;FALSE;0.0;1
Points down side:;2
1;FALSE;0.0;1;FALSE;0.0;1
2;FALSE;0.0;1;FALSE;0.0;1
3;FALSE;0.0;1;FALSE;0.0;1
4;FALSE;0.0;1;FALSE;0.0;1
5;FALSE;0.0;1;FALSE;0.0;1
[Envelope 3]
Active:;FALSE
[Config.];FALSE
Points up side:;2
1;FALSE;0.0;1;FALSE;0.0;1
2;FALSE;0.0;1;FALSE;0.0;1
3;FALSE;0.0;1;FALSE;0.0;1
4;FALSE;0.0;1;FALSE;0.0;1
5;FALSE;0.0;1;FALSE;0.0;1
Points down side:;2
1;FALSE;0.0;1;FALSE;0.0;1
2;FALSE;0.0;1;FALSE;0.0;1
3;FALSE;0.0;1;FALSE;0.0;1
4;FALSE;0.0;1;FALSE;0.0;1
5;FALSE;0.0;1;FALSE;0.0;1
[Envelope 4]
Active:;FALSE
[Config.];FALSE
Points up side:;2
1;FALSE;0.0;1;FALSE;0.0;1
2;FALSE;0.0;1;FALSE;0.0;1
3;FALSE;0.0;1;FALSE;0.0;1
4;FALSE;0.0;1;FALSE;0.0;1
5;FALSE;0.0;1;FALSE;0.0;1
Points down side:;2
1;FALSE;0.0;1;FALSE;0.0;1
2;FALSE;0.0;1;FALSE;0.0;1
3;FALSE;0.0;1;FALSE;0.0;1
4;FALSE;0.0;1;FALSE;0.0;1
5;FALSE;0.0;1;FALSE;0.0;1
[Envelope 5]
Active:;FALSE
[Config.];FALSE
Points up side:;2
1;FALSE;0.0;1;FALSE;0.0;1
2;FALSE;0.0;1;FALSE;0.0;1
3;FALSE;0.0;1;FALSE;0.0;1
4;FALSE;0.0;1;FALSE;0.0;1
5;FALSE;0.0;1;FALSE;0.0;1
Points down side:;2
1;FALSE;0.0;1;FALSE;0.0;1
2;FALSE;0.0;1;FALSE;0.0;1
3;FALSE;0.0;1;FALSE;0.0;1
4;FALSE;0.0;1;FALSE;0.0;1
5;FALSE;0.0;1;FALSE;0.0;1
[Windowing]
Active:;FALSE
[Window 1]
Active:;FALSE
[Config.];[Config. min. position];[Min. position value];[Min. position variable];[Config. max. position];[Max. position value];[Max. position variable];[Config. min.force];[Min. force value];[Min. force variable];[Config. max. force];[Max. force value];[Max. force variable]
FALSE;FALSE;44.85;1;FALSE;45.2;1;FALSE;0.0;1;FALSE;4000.0;1
[Config. down side];[Config. up side];[Config. left side];[Config. right side]
0;0;2;0
[Window 2]
Active:;FALSE
[Config.];[Config. min. position];[Min. position value];[Min. position variable];[Config. max. position];[Max. position value];[Max. position variable];[Config. min.force];[Min. force value];[Min. force variable];[Config. max. force];[Max. force value];[Max. force variable]
FALSE;FALSE;0.0;1;FALSE;0.0;1;FALSE;0.0;1;FALSE;0.0;1
[Config. down side];[Config. up side];[Config. left side];[Config. right side]
0;0;0;0
[Window 3]
Active:;FALSE
[Config.];[Config. min. position];[Min. position value];[Min. position variable];[Config. max. position];[Max. position value];[Max. position variable];[Config. min.force];[Min. force value];[Min. force variable];[Config. max. force];[Max. force value];[Max. force variable]
FALSE;FALSE;0.0;1;FALSE;0.0;1;FALSE;0.0;1;FALSE;0.0;1
[Config. down side];[Config. up side];[Config. left side];[Config. right side]
0;0;0;0
[Window 4]
Active:;FALSE
[Config.];[Config. min. position];[Min. position value];[Min. position variable];[Config. max. position];[Max. position value];[Max. position variable];[Config. min.force];[Min. force value];[Min. force variable];[Config. max. force];[Max. force value];[Max. force variable]
FALSE;FALSE;0.0;1;FALSE;0.0;1;FALSE;0.0;1;FALSE;0.0;1
[Config. down side];[Config. up side];[Config. left side];[Config. right side]
0;0;0;0
[Window 5]
Active:;FALSE
[Config.];[Config. min. position];[Min. position value];[Min. position variable];[Config. max. position];[Max. position value];[Max. position variable];[Config. min.force];[Min. force value];[Min. force variable];[Config. max. force];[Max. force value];[Max. force variable]
FALSE;FALSE;0.0;1;FALSE;0.0;1;FALSE;0.0;1;FALSE;0.0;1
[Config. down side];[Config. up side];[Config. left side];[Config. right side]
0;0;0;0
[Threshold]
Active:;FALSE
[Threshold 1]
Active:;FALSE
[Config.];[Mode];[Config. position];[Position value];[Position variable];[Config. min. position];[Min. position value];[Min. position variable];[Config. max. position];[Max. position value];[Max. position variable];[Config. force];[Force value];[Force variable];[Config. min. force];[Min. force value];[Min. force variable];[Config. max. force];[Max. force value];[Max. force variable];[Config]
FALSE;FALSE;FALSE;0.0;1;FALSE;0.0;1;FALSE;0.0;1;FALSE;0.0;1;FALSE;0.0;1;FALSE;0.0;1;3
[Threshold 2]
Active:;FALSE
[Config.];[Mode];[Config. position];[Position value];[Position variable];[Config. min. position];[Min. position value];[Min. position variable];[Config. max. position];[Max. position value];[Max. position variable];[Config. force];[Force value];[Force variable];[Config. min. force];[Min. force value];[Min. force variable];[Config. max. force];[Max. force value];[Max. force variable];[Config]
FALSE;FALSE;FALSE;0.0;1;FALSE;0.0;1;FALSE;0.0;1;FALSE;0.0;1;FALSE;0.0;1;FALSE;0.0;1;1
[Threshold 3]
Active:;FALSE
[Config.];[Mode];[Config. position];[Position value];[Position variable];[Config. min. position];[Min. position value];[Min. position variable];[Config. max. position];[Max. position value];[Max. position variable];[Config. force];[Force value];[Force variable];[Config. min. force];[Min. force value];[Min. force variable];[Config. max. force];[Max. force value];[Max. force variable];[Config]
FALSE;FALSE;FALSE;0.0;1;FALSE;0.0;1;FALSE;0.0;1;FALSE;0.0;1;FALSE;0.0;1;FALSE;0.0;1;1
[Threshold 4]
Active:;FALSE
[Config.];[Mode];[Config. position];[Position value];[Position variable];[Config. min. position];[Min. position value];[Min. position variable];[Config. max. position];[Max. position value];[Max. position variable];[Config. force];[Force value];[Force variable];[Config. min. force];[Min. force value];[Min. force variable];[Config. max. force];[Max. force value];[Max. force variable];[Config]
FALSE;FALSE;FALSE;0.0;1;FALSE;0.0;1;FALSE;0.0;1;FALSE;0.0;1;FALSE;0.0;1;FALSE;0.0;1;1
[Threshold 5]
Active:;FALSE
[Config.];[Mode];[Config. position];[Position value];[Position variable];[Config. min. position];[Min. position value];[Min. position variable];[Config. max. position];[Max. position value];[Max. position variable];[Config. force];[Force value];[Force variable];[Config. min. force];[Min. force value];[Min. force variable];[Config. max. force];[Max. force value];[Max. force variable];[Config]
FALSE;FALSE;FALSE;0.0;1;FALSE;0.0;1;FALSE;0.0;1;FALSE;0.0;1;FALSE;0.0;1;FALSE;0.0;1;1
[Envelope]
Active:;FALSE
[Envelope 1]
Active:;FALSE
[Config.];FALSE
Points up side:;2
1;FALSE;0.0;1;FALSE;0.0;1
2;FALSE;0.0;1;FALSE;0.0;1
3;FALSE;0.0;1;FALSE;0.0;1
4;FALSE;0.0;1;FALSE;0.0;1
5;FALSE;0.0;1;FALSE;0.0;1
Points down side:;2
1;FALSE;0.0;1;FALSE;0.0;1
2;FALSE;0.0;1;FALSE;0.0;1
3;FALSE;0.0;1;FALSE;0.0;1
4;FALSE;0.0;1;FALSE;0.0;1
5;FALSE;0.0;1;FALSE;0.0;1
[Envelope 2]
Active:;FALSE
[Config.];FALSE
Points up side:;2
1;FALSE;0.0;1;FALSE;0.0;1
2;FALSE;0.0;1;FALSE;0.0;1
3;FALSE;0.0;1;FALSE;0.0;1
4;FALSE;0.0;1;FALSE;0.0;1
5;FALSE;0.0;1;FALSE;0.0;1
Points down side:;2
1;FALSE;0.0;1;FALSE;0.0;1
2;FALSE;0.0;1;FALSE;0.0;1
3;FALSE;0.0;1;FALSE;0.0;1
4;FALSE;0.0;1;FALSE;0.0;1
5;FALSE;0.0;1;FALSE;0.0;1
[Envelope 3]
Active:;FALSE
[Config.];FALSE
Points up side:;2
1;FALSE;0.0;1;FALSE;0.0;1
2;FALSE;0.0;1;FALSE;0.0;1
3;FALSE;0.0;1;FALSE;0.0;1
4;FALSE;0.0;1;FALSE;0.0;1
5;FALSE;0.0;1;FALSE;0.0;1
Points down side:;2
1;FALSE;0.0;1;FALSE;0.0;1
2;FALSE;0.0;1;FALSE;0.0;1
3;FALSE;0.0;1;FALSE;0.0;1
4;FALSE;0.0;1;FALSE;0.0;1
5;FALSE;0.0;1;FALSE;0.0;1
[Envelope 4]
Active:;FALSE
[Config.];FALSE
Points up side:;2
1;FALSE;0.0;1;FALSE;0.0;1
2;FALSE;0.0;1;FALSE;0.0;1
3;FALSE;0.0;1;FALSE;0.0;1
4;FALSE;0.0;1;FALSE;0.0;1
5;FALSE;0.0;1;FALSE;0.0;1
Points down side:;2
1;FALSE;0.0;1;FALSE;0.0;1
2;FALSE;0.0;1;FALSE;0.0;1
3;FALSE;0.0;1;FALSE;0.0;1
4;FALSE;0.0;1;FALSE;0.0;1
5;FALSE;0.0;1;FALSE;0.0;1
[Envelope 5]
Active:;FALSE
[Config.];FALSE
Points up side:;2
1;FALSE;0.0;1;FALSE;0.0;1
2;FALSE;0.0;1;FALSE;0.0;1
3;FALSE;0.0;1;FALSE;0.0;1
4;FALSE;0.0;1;FALSE;0.0;1
5;FALSE;0.0;1;FALSE;0.0;1
Points down side:;2
1;FALSE;0.0;1;FALSE;0.0;1
2;FALSE;0.0;1;FALSE;0.0;1
3;FALSE;0.0;1;FALSE;0.0;1
4;FALSE;0.0;1;FALSE;0.0;1
5;FALSE;0.0;1;FALSE;0.0;1
[Windowing]
Active:;FALSE
[Window 1]
Active:;TRUE
[Config.];[Config. min. position];[Min. position value];[Min. position variable];[Config. max. position];[Max. position value];[Max. position variable];[Config. min.force];[Min. force value];[Min. force variable];[Config. max. force];[Max. force value];[Max. force variable]
FALSE;FALSE;44.85;1;FALSE;45.2;1;FALSE;0.0;1;FALSE;4000.0;1
[Config. down side];[Config. up side];[Config. left side];[Config. right side]
0;0;2;0
[Window 2]
Active:;FALSE
[Config.];[Config. min. position];[Min. position value];[Min. position variable];[Config. max. position];[Max. position value];[Max. position variable];[Config. min.force];[Min. force value];[Min. force variable];[Config. max. force];[Max. force value];[Max. force variable]
FALSE;FALSE;0.0;1;FALSE;0.0;1;FALSE;0.0;1;FALSE;0.0;1
[Config. down side];[Config. up side];[Config. left side];[Config. right side]
0;0;0;0
[Window 3]
Active:;FALSE
[Config.];[Config. min. position];[Min. position value];[Min. position variable];[Config. max. position];[Max. position value];[Max. position variable];[Config. min.force];[Min. force value];[Min. force variable];[Config. max. force];[Max. force value];[Max. force variable]
FALSE;FALSE;0.0;1;FALSE;0.0;1;FALSE;0.0;1;FALSE;0.0;1
[Config. down side];[Config. up side];[Config. left side];[Config. right side]
0;0;0;0
[Window 4]
Active:;FALSE
[Config.];[Config. min. position];[Min. position value];[Min. position variable];[Config. max. position];[Max. position value];[Max. position variable];[Config. min.force];[Min. force value];[Min. force variable];[Config. max. force];[Max. force value];[Max. force variable]
FALSE;FALSE;0.0;1;FALSE;0.0;1;FALSE;0.0;1;FALSE;0.0;1
[Config. down side];[Config. up side];[Config. left side];[Config. right side]
0;0;0;0
[Window 5]
Active:;FALSE
[Config.];[Config. min. position];[Min. position value];[Min. position variable];[Config. max. position];[Max. position value];[Max. position variable];[Config. min.force];[Min. force value];[Min. force variable];[Config. max. force];[Max. force value];[Max. force variable]
FALSE;FALSE;0.0;1;FALSE;0.0;1;FALSE;0.0;1;FALSE;0.0;1
[Config. down side];[Config. up side];[Config. left side];[Config. right side]
0;0;0;0
[Threshold]
Active:;TRUE
[Threshold 1]
Active:;TRUE
[Config.];[Mode];[Config. position];[Position value];[Position variable];[Config. min. position];[Min. position value];[Min. position variable];[Config. max. position];[Max. position value];[Max. position variable];[Config. force];[Force value];[Force variable];[Config. min. force];[Min. force value];[Min. force variable];[Config. max. force];[Max. force value];[Max. force variable];[Config]
FALSE;FALSE;FALSE;44.9;1;FALSE;0.0;1;FALSE;0.0;1;FALSE;0.0;1;FALSE;0.0;1;FALSE;4000.0;1;3
[Threshold 2]
Active:;FALSE
[Config.];[Mode];[Config. position];[Position value];[Position variable];[Config. min. position];[Min. position value];[Min. position variable];[Config. max. position];[Max. position value];[Max. position variable];[Config. force];[Force value];[Force variable];[Config. min. force];[Min. force value];[Min. force variable];[Config. max. force];[Max. force value];[Max. force variable];[Config]
FALSE;FALSE;FALSE;0.0;1;FALSE;0.0;1;FALSE;0.0;1;FALSE;0.0;1;FALSE;0.0;1;FALSE;0.0;1;3
[Threshold 3]
Active:;FALSE
[Config.];[Mode];[Config. position];[Position value];[Position variable];[Config. min. position];[Min. position value];[Min. position variable];[Config. max. position];[Max. position value];[Max. position variable];[Config. force];[Force value];[Force variable];[Config. min. force];[Min. force value];[Min. force variable];[Config. max. force];[Max. force value];[Max. force variable];[Config]
FALSE;FALSE;FALSE;0.0;1;FALSE;0.0;1;FALSE;0.0;1;FALSE;0.0;1;FALSE;0.0;1;FALSE;0.0;1;1
[Threshold 4]
Active:;FALSE
[Config.];[Mode];[Config. position];[Position value];[Position variable];[Config. min. position];[Min. position value];[Min. position variable];[Config. max. position];[Max. position value];[Max. position variable];[Config. force];[Force value];[Force variable];[Config. min. force];[Min. force value];[Min. force variable];[Config. max. force];[Max. force value];[Max. force variable];[Config]
FALSE;FALSE;FALSE;0.0;1;FALSE;0.0;1;FALSE;0.0;1;FALSE;0.0;1;FALSE;0.0;1;FALSE;0.0;1;1
[Threshold 5]
Active:;FALSE
[Config.];[Mode];[Config. position];[Position value];[Position variable];[Config. min. position];[Min. position value];[Min. position variable];[Config. max. position];[Max. position value];[Max. position variable];[Config. force];[Force value];[Force variable];[Config. min. force];[Min. force value];[Min. force variable];[Config. max. force];[Max. force value];[Max. force variable];[Config]
FALSE;FALSE;FALSE;0.0;1;FALSE;0.0;1;FALSE;0.0;1;FALSE;0.0;1;FALSE;0.0;1;FALSE;0.0;1;1
[Envelope]
Active:;FALSE
[Envelope 1]
Active:;FALSE
[Config.];FALSE
Points up side:;2
1;FALSE;0.0;1;FALSE;0.0;1
2;FALSE;0.0;1;FALSE;0.0;1
3;FALSE;0.0;1;FALSE;0.0;1
4;FALSE;0.0;1;FALSE;0.0;1
5;FALSE;0.0;1;FALSE;0.0;1
Points down side:;2
1;FALSE;0.0;1;FALSE;0.0;1
2;FALSE;0.0;1;FALSE;0.0;1
3;FALSE;0.0;1;FALSE;0.0;1
4;FALSE;0.0;1;FALSE;0.0;1
5;FALSE;0.0;1;FALSE;0.0;1
[Envelope 2]
Active:;FALSE
[Config.];FALSE
Points up side:;2
1;FALSE;0.0;1;FALSE;0.0;1
2;FALSE;0.0;1;FALSE;0.0;1
3;FALSE;0.0;1;FALSE;0.0;1
4;FALSE;0.0;1;FALSE;0.0;1
5;FALSE;0.0;1;FALSE;0.0;1
Points down side:;2
1;FALSE;0.0;1;FALSE;0.0;1
2;FALSE;0.0;1;FALSE;0.0;1
3;FALSE;0.0;1;FALSE;0.0;1
4;FALSE;0.0;1;FALSE;0.0;1
5;FALSE;0.0;1;FALSE;0.0;1
[Envelope 3]
Active:;FALSE
[Config.];FALSE
Points up side:;2
1;FALSE;0.0;1;FALSE;0.0;1
2;FALSE;0.0;1;FALSE;0.0;1
3;FALSE;0.0;1;FALSE;0.0;1
4;FALSE;0.0;1;FALSE;0.0;1
5;FALSE;0.0;1;FALSE;0.0;1
Points down side:;2
1;FALSE;0.0;1;FALSE;0.0;1
2;FALSE;0.0;1;FALSE;0.0;1
3;FALSE;0.0;1;FALSE;0.0;1
4;FALSE;0.0;1;FALSE;0.0;1
5;FALSE;0.0;1;FALSE;0.0;1
[Envelope 4]
Active:;FALSE
[Config.];FALSE
Points up side:;2
1;FALSE;0.0;1;FALSE;0.0;1
2;FALSE;0.0;1;FALSE;0.0;1
3;FALSE;0.0;1;FALSE;0.0;1
4;FALSE;0.0;1;FALSE;0.0;1
5;FALSE;0.0;1;FALSE;0.0;1
Points down side:;2
1;FALSE;0.0;1;FALSE;0.0;1
2;FALSE;0.0;1;FALSE;0.0;1
3;FALSE;0.0;1;FALSE;0.0;1
4;FALSE;0.0;1;FALSE;0.0;1
5;FALSE;0.0;1;FALSE;0.0;1
[Envelope 5]
Active:;FALSE
[Config.];FALSE
Points up side:;2
1;FALSE;0.0;1;FALSE;0.0;1
2;FALSE;0.0;1;FALSE;0.0;1
3;FALSE;0.0;1;FALSE;0.0;1
4;FALSE;0.0;1;FALSE;0.0;1
5;FALSE;0.0;1;FALSE;0.0;1
Points down side:;2
1;FALSE;0.0;1;FALSE;0.0;1
2;FALSE;0.0;1;FALSE;0.0;1
3;FALSE;0.0;1;FALSE;0.0;1
4;FALSE;0.0;1;FALSE;0.0;1
5;FALSE;0.0;1;FALSE;0.0;1
[Timestamp]
2019-11-07-09:57:19
[Recorded curves]
No:;4
[Record 1]
No. points:;30
[Point];[Position];[Force];[Time]
1;35.99;12.719948;T#0ms
2;36.0;13.521645;T#0ms
3;36.01;14.006688;T#0ms
4;36.02;14.506933;T#0ms
5;36.06;16.09858;T#0ms
6;36.08;19.13032;T#0ms
7;36.12;21.04034;T#0ms
8;36.15;23.13228;T#0ms
9;36.19;26.51265;T#0ms
10;36.23;29.68081;T#0ms
11;36.27;31.31792;T#0ms
12;36.31;26.92188;T#0ms
13;36.34;24.05686;T#0ms
14;36.38;25.04224;T#0ms
15;36.41;24.16304;T#0ms
16;36.44;23.1019;T#0ms
17;36.47;23.73858;T#0ms
18;36.5;22.82906;T#0ms
19;36.52;20.29754;T#0ms
20;36.54;18.46333;T#0ms
21;36.55;16.09858;T#0ms
22;36.56;7.94313;T#0ms
23;36.55;-0.3638683;T#0ms
24;36.54;-2.713454;T#0ms
25;36.53;-2.637646;T#0ms
26;36.52;1.864527;T#0ms
27;36.51;1.748291;T#0ms
28;36.5;1.616911;T#0ms
29;36.49;9.03316;T#0ms
30;36.5;9.541692;T#0ms
[Record 2]
No. points:;114
[Point];[Position];[Force];[Time]
1;36.5;11.460049;T#0ms
2;36.51;11.914793;T#0ms
3;36.52;12.475681;T#0ms
4;36.53;13.59741;T#0ms
5;36.54;14.582715;T#0ms
6;36.55;15.749928;T#0ms
7;36.56;16.15923;T#0ms
8;36.57;16.78074;T#0ms
9;36.58;18.50376;T#0ms
10;36.59;19.37285;T#0ms
11;36.6;19.64571;T#0ms
12;36.61;19.88824;T#0ms
13;36.62;20.5552;T#0ms
14;36.63;21.07061;T#0ms
15;36.64;20.81799;T#0ms
16;36.65;19.90347;T#0ms
17;36.66;19.55484;T#0ms
18;36.67;19.30215;T#0ms
19;36.68;19.20613;T#0ms
20;36.69;18.4937;T#0ms
21;36.7;18.3118;T#0ms
22;36.71;18.78172;T#0ms
23;36.72;19.10008;T#0ms
24;36.73;19.31231;T#0ms
25;36.74;19.43352;T#0ms
26;36.75;19.67603;T#0ms
27;36.76;19.79732;T#0ms
28;36.77;19.99441;T#0ms
29;36.78;20.18137;T#0ms
30;36.79;20.6462;T#0ms
31;36.8;20.73711;T#0ms
32;36.81;20.66131;T#0ms
33;36.82;20.40362;T#0ms
34;36.83;20.10044;T#0ms
35;36.84;20.09037;T#0ms
36;36.85;19.94888;T#0ms
37;36.86;19.69119;T#0ms
38;36.87;19.29196;T#0ms
39;36.88;18.58457;T#0ms
40;36.89;18.23594;T#0ms
41;36.9;17.72056;T#0ms
42;36.91;17.25064;T#0ms
43;36.92;16.8565;T#0ms
44;36.93;16.64426;T#0ms
45;36.94;16.52295;T#0ms
46;36.95;16.75032;T#0ms
47;36.96;16.56333;T#0ms
48;36.97;16.34102;T#0ms
49;36.98;15.962062;T#0ms
50;36.99;15.562892;T#0ms
51;37.0;15.461818;T#0ms
52;37.01;15.583107;T#0ms
53;37.02;16.38146;T#0ms
54;37.03;16.88677;T#0ms
55;37.04;17.15967;T#0ms
56;37.05;16.98793;T#0ms
57;37.06;16.97784;T#0ms
58;37.07;17.19009;T#0ms
59;37.08;17.5438;T#0ms
60;37.09;17.85708;T#0ms
61;37.1;18.28155;T#0ms
62;37.11;18.25122;T#0ms
63;37.12;17.91773;T#0ms
64;37.13;17.8419;T#0ms
65;37.14;17.6751;T#0ms
66;37.15;17.76602;T#0ms
67;37.16;17.70542;T#0ms
68;37.17;17.69532;T#0ms
69;37.18;17.70542;T#0ms
70;37.19;17.69026;T#0ms
71;37.2;17.89742;T#0ms
72;37.21;17.7357;T#0ms
73;37.22;17.87215;T#0ms
74;37.23;18.03897;T#0ms
75;37.24;17.76616;T#0ms
76;37.25;17.751;T#0ms
77;37.26;18.2108;T#0ms
78;37.27;18.40279;T#0ms
79;37.28;18.47854;T#0ms
80;37.29;18.62507;T#0ms
81;37.3;18.4937;T#0ms
82;37.31;18.69077;T#0ms
83;37.32;19.27186;T#0ms
84;37.33;20.6462;T#0ms
85;37.34;22.52586;T#0ms
86;37.35;26.63892;T#0ms
87;37.36;30.65093;T#0ms
88;37.37;33.59173;T#0ms
89;37.38;38.48298;T#0ms
90;37.39;42.20196;T#0ms
91;37.4;44.65768;T#0ms
92;37.41;49.00316;T#0ms
93;37.42;52.38863;T#0ms
94;37.43;54.31383;T#0ms
95;37.44;56.44113;T#0ms
96;37.45;57.0273;T#0ms
97;37.46;57.22432;T#0ms
98;37.47;58.79576;T#0ms
99;37.48;60.02871;T#0ms
100;37.49;61.28686;T#0ms
101;37.5;63.6769;T#0ms
102;37.51;65.94062;T#0ms
103;37.52;68.13862;T#0ms
104;37.53;72.38813;T#0ms
105;37.54;76.67299;T#0ms
106;37.55;81.61476;T#0ms
107;37.56;90.74036;T#0ms
108;37.57;99.6537;T#0ms
109;37.58;116.3662;T#0ms
110;37.59;137.1867;T#0ms
111;37.6;152.3758;T#0ms
112;37.61;237.9975;T#0ms
113;37.6;256.4162;T#0ms
114;37.61;226.8112;T#0ms
[Record 3]
No. points:;540
[Point];[Position];[Force];[Time]
1;37.61;229.2352;T#0ms
2;37.62;237.4709;T#0ms
3;37.63;263.7167;T#0ms
4;37.64;314.3166;T#0ms
5;37.65;371.177;T#0ms
6;37.66;431.236;T#0ms
7;37.67;497.0554;T#0ms
8;37.68;538.4995;T#0ms
9;37.69;573.2677;T#0ms
10;37.7;607.5098;T#0ms
11;37.71;636.9041;T#0ms
12;37.72;657.2532;T#0ms
13;37.73;652.1416;T#0ms
14;37.74;623.4795;T#0ms
15;37.75;590.1363;T#0ms
16;37.76;550.2778;T#0ms
17;37.77;528.0702;T#0ms
18;37.78;526.0754;T#0ms
19;37.79;523.4115;T#0ms
20;37.8;518.6719;T#0ms
21;37.81;515.2157;T#0ms
22;37.82;513.998;T#0ms
23;37.83;514.8594;T#0ms
24;37.84;518.1262;T#0ms
25;37.85;521.0897;T#0ms
26;37.86;522.8001;T#0ms
27;37.87;525.2872;T#0ms
28;37.88;527.4714;T#0ms
29;37.89;530.1369;T#0ms
30;37.9;532.5694;T#0ms
31;37.91;534.1944;T#0ms
32;37.92;534.5734;T#0ms
33;37.93;535.6617;T#0ms
34;37.94;538.4388;T#0ms
35;37.95;541.0562;T#0ms
36;37.96;543.8858;T#0ms
37;37.97;547.7282;T#0ms
38;37.98;549.9442;T#0ms
39;37.99;551.5663;T#0ms
40;38.0;552.8194;T#0ms
41;38.01;555.0908;T#0ms
42;38.02;557.0478;T#0ms
43;38.03;558.9214;T#0ms
44;38.04;561.23;T#0ms
45;38.05;562.2746;T#0ms
46;38.06;563.4104;T#0ms
47;38.07;565.2396;T#0ms
48;38.08;566.801;T#0ms
49;38.09;569.0545;T#0ms
50;38.1;571.4091;T#0ms
51;38.11;573.9892;T#0ms
52;38.12;575.5929;T#0ms
53;38.13;577.4828;T#0ms
54;38.14;578.9248;T#0ms
55;38.15;578.9632;T#0ms
56;38.16;579.2664;T#0ms
57;38.17;578.858;T#0ms
58;38.18;579.5492;T#0ms
59;38.19;580.0344;T#0ms
60;38.2;580.7438;T#0ms
61;38.21;582.485;T#0ms
62;38.22;583.2784;T#0ms
63;38.23;585.2248;T#0ms
64;38.24;587.0226;T#0ms
65;38.25;588.2278;T#0ms
66;38.26;588.954;T#0ms
67;38.27;589.236;T#0ms
68;38.28;590.8822;T#0ms
69;38.29;592.8286;T#0ms
70;38.3;595.1403;T#0ms
71;38.31;597.1842;T#0ms
72;38.32;599.1498;T#0ms
73;38.33;600.6262;T#0ms
74;38.34;601.9238;T#0ms
75;38.35;604.6281;T#0ms
76;38.36;607.2718;T#0ms
77;38.37;609.4274;T#0ms
78;38.38;611.6254;T#0ms
79;38.39;612.6158;T#0ms
80;38.4;613.2422;T#0ms
81;38.41;614.6388;T#0ms
82;38.42;617.0066;T#0ms
83;38.43;618.7423;T#0ms
84;38.44;619.8186;T#0ms
85;38.45;620.5386;T#0ms
86;38.46;620.5158;T#0ms
87;38.47;623.3128;T#0ms
88;38.48;625.1712;T#0ms
89;38.49;626.625;T#0ms
90;38.5;627.6482;T#0ms
91;38.51;628.0346;T#0ms
92;38.52;628.8638;T#0ms
93;38.53;631.2164;T#0ms
94;38.54;632.4306;T#0ms
95;38.55;633.3083;T#0ms
96;38.56;634.3694;T#0ms
97;38.57;634.841;T#0ms
98;38.58;636.4452;T#0ms
99;38.59;639.2264;T#0ms
100;38.6;641.1294;T#0ms
101;38.61;642.9283;T#0ms
102;38.62;644.7018;T#0ms
103;38.63;646.253;T#0ms
104;38.64;647.5668;T#0ms
105;38.65;649.1949;T#0ms
106;38.66;651.0129;T#0ms
107;38.67;651.887;T#0ms
108;38.68;653.221;T#0ms
109;38.69;654.4943;T#0ms
110;38.7;655.028;T#0ms
111;38.71;655.713;T#0ms
112;38.72;658.2638;T#0ms
113;38.73;661.2248;T#0ms
114;38.74;663.1348;T#0ms
115;38.75;665.6814;T#0ms
116;38.76;666.3939;T#0ms
117;38.77;666.215;T#0ms
118;38.78;668.0613;T#0ms
119;38.79;669.3802;T#0ms
120;38.8;671.2718;T#0ms
121;38.81;673.6548;T#0ms
122;38.82;674.2384;T#0ms
123;38.83;676.3167;T#0ms
124;38.84;677.9522;T#0ms
125;38.85;678.6344;T#0ms
126;38.86;678.5298;T#0ms
127;38.87;678.8744;T#0ms
128;38.88;679.074;T#0ms
129;38.89;679.8397;T#0ms
130;38.9;682.3914;T#0ms
131;38.91;684.2584;T#0ms
132;38.92;686.4125;T#0ms
133;38.93;688.3588;T#0ms
134;38.94;690.092;T#0ms
135;38.95;692.0578;T#0ms
136;38.96;692.7778;T#0ms
137;38.97;694.2458;T#0ms
138;38.98;695.3686;T#0ms
139;38.99;696.6864;T#0ms
140;39.0;698.1668;T#0ms
141;39.01;698.8642;T#0ms
142;39.02;699.1926;T#0ms
143;39.03;700.4254;T#0ms
144;39.04;702.8508;T#0ms
145;39.05;704.1089;T#0ms
146;39.06;707.2314;T#0ms
147;39.07;709.8418;T#0ms
148;39.08;711.9914;T#0ms
149;39.09;714.6214;T#0ms
150;39.1;715.3354;T#0ms
151;39.11;715.963;T#0ms
152;39.12;717.484;T#0ms
153;39.13;719.4224;T#0ms
154;39.14;721.9508;T#0ms
155;39.15;724.1388;T#0ms
156;39.16;725.8253;T#0ms
157;39.17;726.8318;T#0ms
158;39.18;728.4386;T#0ms
159;39.19;730.8823;T#0ms
160;39.2;733.2288;T#0ms
161;39.21;735.677;T#0ms
162;39.22;737.067;T#0ms
163;39.23;737.9331;T#0ms
164;39.24;739.5424;T#0ms
165;39.25;739.8562;T#0ms
166;39.26;740.6516;T#0ms
167;39.27;741.4601;T#0ms
168;39.28;742.1058;T#0ms
169;39.29;743.3549;T#0ms
170;39.3;744.1432;T#0ms
171;39.31;745.8227;T#0ms
172;39.32;746.5584;T#0ms
173;39.33;748.1147;T#0ms
174;39.34;750.0974;T#0ms
175;39.35;752.0459;T#0ms
176;39.36;754.7544;T#0ms
177;39.37;756.4096;T#0ms
178;39.38;756.7478;T#0ms
179;39.39;758.7612;T#0ms
180;39.4;760.2569;T#0ms
181;39.41;761.1058;T#0ms
182;39.42;763.7586;T#0ms
183;39.43;766.7964;T#0ms
184;39.44;768.5337;T#0ms
185;39.45;770.1708;T#0ms
186;39.46;772.346;T#0ms
187;39.47;773.4602;T#0ms
188;39.48;774.5112;T#0ms
189;39.49;776.1524;T#0ms
190;39.5;778.7254;T#0ms
191;39.51;780.0466;T#0ms
192;39.52;781.4276;T#0ms
193;39.53;782.5326;T#0ms
194;39.54;782.4038;T#0ms
195;39.55;783.2284;T#0ms
196;39.56;784.7079;T#0ms
197;39.57;785.769;T#0ms
198;39.58;788.3233;T#0ms
199;39.59;788.8492;T#0ms
200;39.6;790.2136;T#0ms
201;39.61;793.0352;T#0ms
202;39.62;794.3368;T#0ms
203;39.63;795.8748;T#0ms
204;39.64;798.1446;T#0ms
205;39.65;799.619;T#0ms
206;39.66;801.2688;T#0ms
207;39.67;804.1051;T#0ms
208;39.68;805.915;T#0ms
209;39.69;807.2137;T#0ms
210;39.7;808.9316;T#0ms
211;39.71;809.2854;T#0ms
212;39.72;810.3566;T#0ms
213;39.73;812.2301;T#0ms
214;39.74;813.2064;T#0ms
215;39.75;815.23;T#0ms
216;39.76;817.2265;T#0ms
217;39.77;818.3402;T#0ms
218;39.78;818.3984;T#0ms
219;39.79;818.8456;T#0ms
220;39.8;817.504;T#0ms
221;39.81;818.3958;T#0ms
222;39.82;821.2708;T#0ms
223;39.83;822.9686;T#0ms
224;39.84;824.626;T#0ms
225;39.85;826.055;T#0ms
226;39.86;826.5815;T#0ms
227;39.87;828.2338;T#0ms
228;39.88;828.8806;T#0ms
229;39.89;830.9322;T#0ms
230;39.9;831.6244;T#0ms
231;39.91;832.634;T#0ms
232;39.92;834.4818;T#0ms
233;39.93;836.9047;T#0ms
234;39.94;840.6013;T#0ms
235;39.95;843.0615;T#0ms
236;39.96;844.2879;T#0ms
237;39.97;845.5673;T#0ms
238;39.98;847.5815;T#0ms
239;39.99;850.4061;T#0ms
240;40.0;852.4373;T#0ms
241;40.01;854.9941;T#0ms
242;40.02;856.1588;T#0ms
243;40.03;856.2877;T#0ms
244;40.04;857.6823;T#0ms
245;40.05;859.4938;T#0ms
246;40.06;861.6539;T#0ms
247;40.07;863.9504;T#0ms
248;40.08;865.6658;T#0ms
249;40.09;866.1165;T#0ms
250;40.1;866.4539;T#0ms
251;40.11;866.8153;T#0ms
252;40.12;867.8082;T#0ms
253;40.13;868.546;T#0ms
254;40.14;869.3998;T#0ms
255;40.15;870.8338;T#0ms
256;40.16;871.4463;T#0ms
257;40.17;872.7955;T#0ms
258;40.18;874.6115;T#0ms
259;40.19;876.7898;T#0ms
260;40.2;879.7291;T#0ms
261;40.21;881.8937;T#0ms
262;40.22;883.2551;T#0ms
263;40.23;884.0029;T#0ms
264;40.24;884.3843;T#0ms
265;40.25;885.6501;T#0ms
266;40.26;887.4767;T#0ms
267;40.27;890.0856;T#0ms
268;40.28;893.8509;T#0ms
269;40.29;895.4124;T#0ms
270;40.3;896.9554;T#0ms
271;40.31;897.4738;T#0ms
272;40.32;897.8983;T#0ms
273;40.33;900.2357;T#0ms
274;40.34;902.5293;T#0ms
275;40.35;906.0183;T#0ms
276;40.36;907.1179;T#0ms
277;40.37;907.8425;T#0ms
278;40.38;908.4518;T#0ms
279;40.39;908.8702;T#0ms
280;40.4;910.7883;T#0ms
281;40.41;912.6402;T#0ms
282;40.42;914.9398;T#0ms
283;40.43;916.1748;T#0ms
284;40.44;918.4081;T#0ms
285;40.45;919.5602;T#0ms
286;40.46;919.6132;T#0ms
287;40.47;920.8435;T#0ms
288;40.48;921.4701;T#0ms
289;40.49;922.5919;T#0ms
290;40.5;925.0576;T#0ms
291;40.51;927.7336;T#0ms
292;40.52;929.3325;T#0ms
293;40.53;930.3531;T#0ms
294;40.54;931.0565;T#0ms
295;40.55;932.4451;T#0ms
296;40.56;933.8019;T#0ms
297;40.57;934.4824;T#0ms
298;40.58;936.0302;T#0ms
299;40.59;935.9417;T#0ms
300;40.6;937.3383;T#0ms
301;40.61;938.1675;T#0ms
302;40.62;938.6954;T#0ms
303;40.63;940.667;T#0ms
304;40.64;941.7069;T#0ms
305;40.65;944.5052;T#0ms
306;40.66;948.204;T#0ms
307;40.67;950.5628;T#0ms
308;40.68;952.5532;T#0ms
309;40.69;953.2307;T#0ms
310;40.7;952.9169;T#0ms
311;40.71;953.8947;T#0ms
312;40.72;955.0194;T#0ms
313;40.73;956.7294;T#0ms
314;40.74;958.8137;T#0ms
315;40.75;960.2584;T#0ms
316;40.76;961.944;T#0ms
317;40.77;963.2629;T#0ms
318;40.78;964.418;T#0ms
319;40.79;964.7407;T#0ms
320;40.8;965.107;T#0ms
321;40.81;965.7033;T#0ms
322;40.82;967.439;T#0ms
323;40.83;968.9725;T#0ms
324;40.84;971.5243;T#0ms
325;40.85;974.1771;T#0ms
326;40.86;975.3746;T#0ms
327;40.87;977.224;T#0ms
328;40.88;978.4872;T#0ms
329;40.89;978.8384;T#0ms
330;40.9;980.8924;T#0ms
331;40.91;981.3725;T#0ms
332;40.92;982.8327;T#0ms
333;40.93;984.1302;T#0ms
334;40.94;984.1314;T#0ms
335;40.95;985.7812;T#0ms
336;40.96;988.1808;T#0ms
337;40.97;990.4121;T#0ms
338;40.98;992.5798;T#0ms
339;40.99;994.7657;T#0ms
340;41.0;996.1193;T#0ms
341;41.01;995.8894;T#0ms
342;41.02;996.7485;T#0ms
343;41.03;997.552;T#0ms
344;41.04;996.6425;T#0ms
345;41.05;998.2523;T#0ms
346;41.06;999.7095;T#0ms
347;41.07;1001.1395;T#0ms
348;41.08;1003.7033;T#0ms
349;41.09;1006.1924;T#0ms
350;41.1;1007.0513;T#0ms
351;41.11;1008.7482;T#0ms
352;41.12;1009.0347;T#0ms
353;41.13;1009.2847;T#0ms
354;41.14;1010.7703;T#0ms
355;41.15;1011.7433;T#0ms
356;41.16;1013.1501;T#0ms
357;41.17;1014.2961;T#0ms
358;41.18;1015.9319;T#0ms
359;41.19;1016.5711;T#0ms
360;41.2;1018.5015;T#0ms
361;41.21;1020.6918;T#0ms
362;41.22;1022.9227;T#0ms
363;41.23;1025.004;T#0ms
364;41.24;1027.096;T#0ms
365;41.25;1028.42;T#0ms
366;41.26;1030.468;T#0ms
367;41.27;1031.942;T#0ms
368;41.28;1031.667;T#0ms
369;41.29;1033.257;T#0ms
370;41.3;1033.766;T#0ms
371;41.31;1033.774;T#0ms
372;41.32;1035.452;T#0ms
373;41.33;1036.641;T#0ms
374;41.34;1038.488;T#0ms
375;41.35;1040.727;T#0ms
376;41.36;1043.276;T#0ms
377;41.37;1044.582;T#0ms
378;41.38;1045.444;T#0ms
379;41.39;1047.353;T#0ms
380;41.4;1048.364;T#0ms
381;41.41;1048.822;T#0ms
382;41.42;1048.783;T#0ms
383;41.43;1048.637;T#0ms
384;41.44;1047.391;T#0ms
385;41.45;1048.265;T#0ms
386;41.46;1049.974;T#0ms
387;41.47;1050.319;T#0ms
388;41.48;1052.434;T#0ms
389;41.49;1054.922;T#0ms
390;41.5;1056.789;T#0ms
391;41.51;1059.314;T#0ms
392;41.52;1061.309;T#0ms
393;41.53;1063.253;T#0ms
394;41.54;1063.042;T#0ms
395;41.55;1064.227;T#0ms
396;41.56;1065.533;T#0ms
397;41.57;1064.978;T#0ms
398;41.58;1067.57;T#0ms
399;41.59;1069.207;T#0ms
400;41.6;1069.51;T#0ms
401;41.61;1071.825;T#0ms
402;41.62;1073.021;T#0ms
403;41.63;1073.929;T#0ms
404;41.64;1074.7;T#0ms
405;41.65;1076.065;T#0ms
406;41.66;1079.196;T#0ms
407;41.67;1080.834;T#0ms
408;41.68;1082.541;T#0ms
409;41.69;1083.077;T#0ms
410;41.7;1083.472;T#0ms
411;41.71;1083.754;T#0ms
412;41.72;1085.882;T#0ms
413;41.73;1085.98;T#0ms
414;41.74;1086.173;T#0ms
415;41.75;1086.377;T#0ms
416;41.76;1087.65;T#0ms
417;41.77;1090.63;T#0ms
418;41.78;1093.709;T#0ms
419;41.79;1095.058;T#0ms
420;41.8;1095.533;T#0ms
421;41.81;1096.238;T#0ms
422;41.82;1097.258;T#0ms
423;41.83;1098.858;T#0ms
424;41.84;1100.07;T#0ms
425;41.85;1101.076;T#0ms
426;41.86;1101.162;T#0ms
427;41.87;1102.466;T#0ms
428;41.88;1103.34;T#0ms
429;41.89;1104.703;T#0ms
430;41.9;1106.346;T#0ms
431;41.91;1107.51;T#0ms
432;41.92;1109.123;T#0ms
433;41.93;1110.414;T#0ms
434;41.94;1112.629;T#0ms
435;41.95;1112.543;T#0ms
436;41.96;1114.35;T#0ms
437;41.97;1117.715;T#0ms
438;41.98;1118.928;T#0ms
439;41.99;1121.914;T#0ms
440;42.0;1122.202;T#0ms
441;42.01;1123.857;T#0ms
442;42.02;1124.203;T#0ms
443;42.03;1123.667;T#0ms
444;42.04;1124.862;T#0ms
445;42.05;1123.87;T#0ms
446;42.06;1123.172;T#0ms
447;42.07;1124.616;T#0ms
448;42.08;1126.75;T#0ms
449;42.09;1129.024;T#0ms
450;42.1;1132.643;T#0ms
451;42.11;1134.948;T#0ms
452;42.12;1135.663;T#0ms
453;42.13;1135.45;T#0ms
454;42.14;1136.641;T#0ms
455;42.15;1138.472;T#0ms
456;42.16;1140.756;T#0ms
457;42.17;1141.888;T#0ms
458;42.18;1142.553;T#0ms
459;42.19;1144.104;T#0ms
460;42.2;1145.189;T#0ms
461;42.21;1147.57;T#0ms
462;42.22;1150.446;T#0ms
463;42.23;1151.752;T#0ms
464;42.24;1153.179;T#0ms
465;42.25;1154.224;T#0ms
466;42.26;1153.642;T#0ms
467;42.27;1153.97;T#0ms
468;42.28;1153.255;T#0ms
469;42.29;1152.899;T#0ms
470;42.3;1152.752;T#0ms
471;42.31;1152.714;T#0ms
472;42.32;1154.005;T#0ms
473;42.33;1156.021;T#0ms
474;42.34;1159.092;T#0ms
475;42.35;1160.892;T#0ms
476;42.36;1162.168;T#0ms
477;42.37;1163.082;T#0ms
478;42.38;1162.989;T#0ms
479;42.39;1164.889;T#0ms
480;42.4;1167.86;T#0ms
481;42.41;1170.24;T#0ms
482;42.42;1171.968;T#0ms
483;42.43;1172.59;T#0ms
484;42.44;1173.052;T#0ms
485;42.45;1173.863;T#0ms
486;42.46;1174.93;T#0ms
487;42.47;1175.667;T#0ms
488;42.48;1176.698;T#0ms
489;42.49;1178.793;T#0ms
490;42.5;1181.281;T#0ms
491;42.51;1183.694;T#0ms
492;42.52;1185.675;T#0ms
493;42.53;1186.182;T#0ms
494;42.54;1186.831;T#0ms
495;42.55;1186.566;T#0ms
496;42.56;1187.86;T#0ms
497;42.57;1189.613;T#0ms
498;42.58;1189.913;T#0ms
499;42.59;1191.302;T#0ms
500;42.6;1191.041;T#0ms
501;42.61;1192.066;T#0ms
502;42.62;1194.332;T#0ms
503;42.63;1195.775;T#0ms
504;42.64;1198.276;T#0ms
505;42.65;1200.795;T#0ms
506;42.66;1201.967;T#0ms
507;42.67;1205.678;T#0ms
508;42.68;1207.339;T#0ms
509;42.69;1207.781;T#0ms
510;42.7;1208.107;T#0ms
511;42.71;1207.364;T#0ms
512;42.72;1208.162;T#0ms
513;42.73;1208.251;T#0ms
514;42.74;1208.561;T#0ms
515;42.75;1211.174;T#0ms
516;42.76;1212.403;T#0ms
517;42.77;1213.549;T#0ms
518;42.78;1215.691;T#0ms
519;42.79;1217.387;T#0ms
520;42.8;1218.228;T#0ms
521;42.81;1219.733;T#0ms
522;42.82;1220.867;T#0ms
523;42.83;1221.184;T#0ms
524;42.84;1223.212;T#0ms
525;42.85;1223.966;T#0ms
526;42.86;1223.94;T#0ms
527;42.87;1225.696;T#0ms
528;42.88;1226.294;T#0ms
529;42.89;1226.964;T#0ms
530;42.9;1228.056;T#0ms
531;42.91;1227.749;T#0ms
532;42.92;1229.258;T#0ms
533;42.93;1230.754;T#0ms
534;42.94;1233.806;T#0ms
535;42.95;1236.996;T#0ms
536;42.96;1238.341;T#0ms
537;42.97;1241.01;T#0ms
538;42.98;1241.678;T#0ms
539;42.99;1242.282;T#0ms
540;43.0;1243.492;T#0ms
[Record 4]
No. points:;199
[Point];[Position];[Force];[Time]
1;43.0;1126.496;T#0ms
2;43.01;1213.372;T#0ms
3;43.02;1248.485;T#0ms
4;43.03;1245.776;T#0ms
5;43.04;1248.741;T#0ms
6;43.05;1246.628;T#0ms
7;43.06;1250.464;T#0ms
8;43.07;1248.829;T#0ms
9;43.08;1246.748;T#0ms
10;43.09;1257.013;T#0ms
11;43.1;1257.942;T#0ms
12;43.11;1266.51;T#0ms
13;43.12;1272.518;T#0ms
14;43.13;1272.346;T#0ms
15;43.14;1265.503;T#0ms
16;43.15;1261.408;T#0ms
17;43.16;1260.507;T#0ms
18;43.17;1258.937;T#0ms
19;43.18;1257.55;T#0ms
20;43.19;1260.144;T#0ms
21;43.2;1259.144;T#0ms
22;43.21;1261.92;T#0ms
23;43.22;1264.242;T#0ms
24;43.23;1267.809;T#0ms
25;43.24;1266.971;T#0ms
26;43.25;1265.091;T#0ms
27;43.26;1271.281;T#0ms
28;43.27;1274.158;T#0ms
29;43.28;1270.884;T#0ms
30;43.29;1271.714;T#0ms
31;43.3;1278.273;T#0ms
32;43.31;1275.738;T#0ms
33;43.32;1277.167;T#0ms
34;43.33;1277.875;T#0ms
35;43.34;1278.316;T#0ms
36;43.35;1283.1;T#0ms
37;43.36;1277.039;T#0ms
38;43.37;1284.405;T#0ms
39;43.38;1284.606;T#0ms
40;43.39;1289.436;T#0ms
41;43.4;1287.106;T#0ms
42;43.41;1285.477;T#0ms
43;43.42;1294.122;T#0ms
44;43.43;1293.776;T#0ms
45;43.44;1295.147;T#0ms
46;43.45;1292.663;T#0ms
47;43.46;1291.641;T#0ms
48;43.47;1292.068;T#0ms
49;43.48;1297.651;T#0ms
50;43.49;1297.12;T#0ms
51;43.5;1296.966;T#0ms
52;43.51;1298.836;T#0ms
53;43.52;1301.965;T#0ms
54;43.53;1300.389;T#0ms
55;43.54;1301.83;T#0ms
56;43.55;1308.027;T#0ms
57;43.56;1306.116;T#0ms
58;43.57;1306.042;T#0ms
59;43.58;1306.39;T#0ms
60;43.59;1305.922;T#0ms
61;43.6;1310.397;T#0ms
62;43.61;1309.49;T#0ms
63;43.62;1317.159;T#0ms
64;43.63;1318.702;T#0ms
65;43.64;1313.878;T#0ms
66;43.65;1314.336;T#0ms
67;43.66;1316.097;T#0ms
68;43.67;1326.389;T#0ms
69;43.68;1319.935;T#0ms
70;43.69;1320.22;T#0ms
71;43.7;1319.969;T#0ms
72;43.71;1325.171;T#0ms
73;43.72;1327.362;T#0ms
74;43.73;1326.028;T#0ms
75;43.74;1331.728;T#0ms
76;43.75;1332.642;T#0ms
77;43.76;1332.205;T#0ms
78;43.77;1336.232;T#0ms
79;43.78;1338.463;T#0ms
80;43.79;1335.268;T#0ms
81;43.8;1338.282;T#0ms
82;43.81;1339.143;T#0ms
83;43.82;1347.319;T#0ms
84;43.83;1342.55;T#0ms
85;43.84;1340.526;T#0ms
86;43.85;1348.04;T#0ms
87;43.86;1349.27;T#0ms
88;43.87;1347.261;T#0ms
89;43.88;1350.779;T#0ms
90;43.89;1351.159;T#0ms
91;43.9;1354.662;T#0ms
92;43.91;1353.897;T#0ms
93;43.92;1358.024;T#0ms
94;43.93;1356.927;T#0ms
95;43.94;1355.234;T#0ms
96;43.95;1358.037;T#0ms
97;43.96;1358.293;T#0ms
98;43.97;1362.368;T#0ms
99;43.98;1367.444;T#0ms
100;43.99;1360.966;T#0ms
101;44.0;1362.185;T#0ms
102;44.01;1359.525;T#0ms
103;44.02;1365.39;T#0ms
104;44.03;1368.058;T#0ms
105;44.04;1370.07;T#0ms
106;44.05;1370.935;T#0ms
107;44.06;1376.389;T#0ms
108;44.07;1372.214;T#0ms
109;44.08;1375.117;T#0ms
110;44.09;1374.042;T#0ms
111;44.1;1384.694;T#0ms
112;44.11;1380.389;T#0ms
113;44.12;1379.575;T#0ms
114;44.13;1380.32;T#0ms
115;44.14;1381.013;T#0ms
116;44.15;1383.333;T#0ms
117;44.16;1378.736;T#0ms
118;44.17;1387.764;T#0ms
119;44.18;1387.3;T#0ms
120;44.19;1389.352;T#0ms
121;44.2;1393.282;T#0ms
122;44.21;1391.088;T#0ms
123;44.22;1392.832;T#0ms
124;44.23;1393.684;T#0ms
125;44.24;1397.998;T#0ms
126;44.25;1395.109;T#0ms
127;44.26;1402.087;T#0ms
128;44.27;1406.468;T#0ms
129;44.28;1405.983;T#0ms
130;44.29;1408.477;T#0ms
131;44.3;1410.692;T#0ms
132;44.31;1414.205;T#0ms
133;44.32;1413.003;T#0ms
134;44.33;1415.31;T#0ms
135;44.34;1415.034;T#0ms
136;44.35;1416.888;T#0ms
137;44.36;1412.1;T#0ms
138;44.37;1419.841;T#0ms
139;44.38;1422.744;T#0ms
140;44.39;1423.032;T#0ms
141;44.4;1419.123;T#0ms
142;44.41;1422.017;T#0ms
143;44.42;1423.306;T#0ms
144;44.43;1436.176;T#0ms
145;44.44;1423.766;T#0ms
146;44.45;1427.816;T#0ms
147;44.46;1433.202;T#0ms
148;44.47;1434.615;T#0ms
149;44.48;1434.706;T#0ms
150;44.49;1437.52;T#0ms
151;44.5;1439.0;T#0ms
152;44.51;1444.976;T#0ms
153;44.52;1438.393;T#0ms
154;44.53;1439.734;T#0ms
155;44.54;1441.969;T#0ms
156;44.55;1446.762;T#0ms
157;44.56;1447.042;T#0ms
158;44.57;1447.137;T#0ms
159;44.58;1454.372;T#0ms
160;44.59;1450.885;T#0ms
161;44.6;1451.903;T#0ms
162;44.61;1453.237;T#0ms
163;44.62;1460.226;T#0ms
164;44.63;1457.702;T#0ms
165;44.64;1464.89;T#0ms
166;44.65;1462.483;T#0ms
167;44.66;1457.205;T#0ms
168;44.67;1467.443;T#0ms
169;44.68;1471.014;T#0ms
170;44.69;1473.97;T#0ms
171;44.7;1481.229;T#0ms
172;44.71;1471.813;T#0ms
173;44.72;1471.31;T#0ms
174;44.73;1475.85;T#0ms
175;44.74;1477.474;T#0ms
176;44.75;1486.966;T#0ms
177;44.76;1500.176;T#0ms
178;44.77;1515.616;T#0ms
179;44.78;1549.954;T#0ms
180;44.79;1599.692;T#0ms
181;44.8;1674.096;T#0ms
182;44.81;1759.169;T#0ms
183;44.82;1854.407;T#0ms
184;44.83;1966.84;T#0ms
185;44.84;2080.307;T#0ms
186;44.85;2196.399;T#0ms
187;44.86;2319.082;T#0ms
188;44.87;2438.65;T#0ms
189;44.88;2562.529;T#0ms
190;44.89;2688.99;T#0ms
191;44.9;2819.768;T#0ms
192;44.91;2951.125;T#0ms
193;44.92;3081.884;T#0ms
194;44.93;3222.194;T#0ms
195;44.94;3368.205;T#0ms
196;44.95;3512.45;T#0ms
197;44.96;3659.222;T#0ms
198;44.97;3798.465;T#0ms
199;44.98;3942.578;T#0ms
